<?xml version="1.0" encoding="UTF-8"?>
<!-- Generated by org.testng.reporters.JUnitXMLReporter -->
<testsuite hostname="BDC4-L-61062ND" ignored="3" tests="0" failures="0" timestamp="2020-05-12T17:43:36 IST" time="0.006" errors="0">
  <testcase name="PlatinumCreditCard" time="0.0" classname="com.demo.qa.test.CreditCardTest">
    <ignored/>
  </testcase> <!-- PlatinumCreditCard -->
  <testcase name="DiamondCreditCard" time="0.0" classname="com.demo.qa.test.CreditCardTest">
    <ignored/>
  </testcase> <!-- DiamondCreditCard -->
  <testcase name="GoldCreditCard" time="0.0" classname="com.demo.qa.test.CreditCardTest">
    <ignored/>
  </testcase> <!-- GoldCreditCard -->
</testsuite>
