<?xml version="1.0" encoding="UTF-8"?>
<!-- Generated by org.testng.reporters.JUnitXMLReporter -->
<testsuite hostname="BDC4-L-61062ND" ignored="5" name="Loan" tests="1" failures="0" timestamp="2020-05-12T17:43:36 IST" time="0.42" errors="0">
  <testcase name="APICarLoan" time="0.071" classname="com.demo.qa.test.CarLoanTest"/>
  <testcase name="WebHomeLoan" time="0.0" classname="com.demo.qa.test.HomeLoanTest">
    <ignored/>
  </testcase> <!-- WebHomeLoan -->
  <testcase name="MobileCarLoan" time="0.0" classname="com.demo.qa.test.CarLoanTest">
    <ignored/>
  </testcase> <!-- MobileCarLoan -->
  <testcase name="MobileHomeLoan" time="0.0" classname="com.demo.qa.test.HomeLoanTest">
    <ignored/>
  </testcase> <!-- MobileHomeLoan -->
  <testcase name="APIHomeLoan" time="0.0" classname="com.demo.qa.test.HomeLoanTest">
    <ignored/>
  </testcase> <!-- APIHomeLoan -->
  <testcase name="WebCarLoan" time="0.0" classname="com.demo.qa.test.CarLoanTest">
    <ignored/>
  </testcase> <!-- WebCarLoan -->
</testsuite> <!-- Loan -->
