<?xml version="1.0" encoding="UTF-8"?>
<!-- Generated by org.testng.reporters.JUnitXMLReporter -->
<testsuite hostname="BDC4-L-61062ND" ignored="0" name="Test" tests="9" failures="0" timestamp="2020-05-12T16:51:11 IST" time="0.488" errors="0">
  <testcase name="APICarLoan" time="0.056" classname="com.demo.qa.test.CarLoanTest"/>
  <testcase name="MobileCarLoan" time="0.004" classname="com.demo.qa.test.CarLoanTest"/>
  <testcase name="WebCarLoan" time="0.005" classname="com.demo.qa.test.CarLoanTest"/>
  <testcase name="DiamondCreditCard" time="0.005" classname="com.demo.qa.test.CreditCardTest"/>
  <testcase name="GoldCreditCard" time="0.012" classname="com.demo.qa.test.CreditCardTest"/>
  <testcase name="PlatinumCreditCard" time="0.003" classname="com.demo.qa.test.CreditCardTest"/>
  <testcase name="APIHomeLoan" time="0.004" classname="com.demo.qa.test.HomeLoanTest"/>
  <testcase name="MobileHomeLoan" time="0.005" classname="com.demo.qa.test.HomeLoanTest"/>
  <testcase name="WebHomeLoan" time="0.005" classname="com.demo.qa.test.HomeLoanTest"/>
</testsuite> <!-- Test -->
