<?xml version="1.0" encoding="UTF-8"?>
<testng-results skipped="0" failed="0" ignored="8" total="9" passed="1">
  <reporter-output>
  </reporter-output>
  <suite name="Suite" duration-ms="733" started-at="2020-05-12T17:43:35 IST" finished-at="2020-05-12T17:43:36 IST">
    <groups>
      <group name="API">
        <method signature="CarLoanTest.APICarLoan()[pri:0, instance:com.demo.qa.test.CarLoanTest@3cef309d]" name="APICarLoan" class="com.demo.qa.test.CarLoanTest"/>
      </group> <!-- API -->
    </groups>
    <test name="Loan" duration-ms="420" started-at="2020-05-12T17:43:35 IST" finished-at="2020-05-12T17:43:36 IST">
      <class name="com.demo.qa.test.CarLoanTest">
        <test-method status="PASS" signature="APICarLoan()[pri:0, instance:com.demo.qa.test.CarLoanTest@3cef309d]" name="APICarLoan" duration-ms="71" started-at="2020-05-12T17:43:35 IST" finished-at="2020-05-12T17:43:36 IST">
          <reporter-output>
          </reporter-output>
        </test-method> <!-- APICarLoan -->
      </class> <!-- com.demo.qa.test.CarLoanTest -->
    </test> <!-- Loan -->
    <test name="CC" duration-ms="6" started-at="2020-05-12T17:43:36 IST" finished-at="2020-05-12T17:43:36 IST">
    </test> <!-- CC -->
  </suite> <!-- Suite -->
</testng-results>
